Using pre-set license
Built from '2020.3/staging' branch; Version is '2020.3.18f1 (a7d1c678663c) revision 10998214'; Using compiler version '192528614'; Build Type 'Release'
OS: 'Windows 10 Pro; OS build 19043.964; Version 2009; 64bit' Language: 'tr' Physical Memory: 8137 MB
BatchMode: 1, IsHumanControllingUs: 0, StartBugReporterOnCrash: 0, Is64bit: 1, IsPro: 0

COMMAND LINE ARGUMENTS:
C:\Program Files\Unity\2020.3.18f1\Editor\Unity.exe
-adb2
-batchMode
-noUpm
-name
AssetImportWorker0
-projectPath
C:/Users/Oguzhan/Documents/GitHub/GitHub/HyperMon-Hyperlab-Case
-logFile
Logs/AssetImportWorker0.log
-srvPort
53187
Successfully changed project path to: C:/Users/Oguzhan/Documents/GitHub/GitHub/HyperMon-Hyperlab-Case
C:/Users/Oguzhan/Documents/GitHub/GitHub/HyperMon-Hyperlab-Case
Using Asset Import Pipeline V2.
Refreshing native plugins compatible for Editor in 101.90 ms, found 14 plugins.
Preloading 0 native plugins for Editor in 0.00 ms.
Initialize engine version: 2020.3.18f1 (a7d1c678663c)
[Subsystems] Discovering subsystems at path C:/Program Files/Unity/2020.3.18f1/Editor/Data/Resources/UnitySubsystems
[Subsystems] Discovering subsystems at path C:/Users/Oguzhan/Documents/GitHub/GitHub/HyperMon-Hyperlab-Case/Assets
GfxDevice: creating device client; threaded=0
Direct3D:
    Version:  Direct3D 11.0 [level 11.1]
    Renderer: NVIDIA GeForce GTX 1050 Ti (ID=0x1c82)
    Vendor:   
    VRAM:     4018 MB
    Driver:   26.21.14.4587
Initialize mono
Mono path[0] = 'C:/Program Files/Unity/2020.3.18f1/Editor/Data/Managed'
Mono path[1] = 'C:/Program Files/Unity/2020.3.18f1/Editor/Data/MonoBleedingEdge/lib/mono/unityjit'
Mono config path = 'C:/Program Files/Unity/2020.3.18f1/Editor/Data/MonoBleedingEdge/etc'
Using monoOptions --debugger-agent=transport=dt_socket,embedding=1,server=y,suspend=n,address=127.0.0.1:56292
Begin MonoManager ReloadAssembly
Registering precompiled unity dll's ...
Register platform support module: C:/Program Files/Unity/2020.3.18f1/Editor/Data/PlaybackEngines/WindowsStandaloneSupport/UnityEditor.WindowsStandalone.Extensions.dll
Registered in 0.001087 seconds.
Native extension for WindowsStandalone target not found
Refreshing native plugins compatible for Editor in 72.02 ms, found 14 plugins.
Preloading 0 native plugins for Editor in 0.00 ms.
Mono: successfully reloaded assembly
- Completed reload, in  6.247 seconds
Domain Reload Profiling:
	ReloadAssembly (6248ms)
		BeginReloadAssembly (63ms)
			ExecutionOrderSort (0ms)
			DisableScriptedObjects (0ms)
			BackupInstance (0ms)
			ReleaseScriptingObjects (0ms)
			CreateAndSetChildDomain (1ms)
		EndReloadAssembly (476ms)
			LoadAssemblies (62ms)
			RebuildTransferFunctionScriptingTraits (0ms)
			SetupTypeCache (152ms)
			ReleaseScriptCaches (0ms)
			RebuildScriptCaches (35ms)
			SetupLoadedEditorAssemblies (218ms)
				LogAssemblyErrors (0ms)
				InitializePlatformSupportModulesInManaged (4ms)
				SetLoadedEditorAssemblies (0ms)
				RefreshPlugins (72ms)
				BeforeProcessingInitializeOnLoad (20ms)
				ProcessInitializeOnLoadAttributes (91ms)
				ProcessInitializeOnLoadMethodAttributes (31ms)
				AfterProcessingInitializeOnLoad (0ms)
				EditorAssembliesLoaded (0ms)
			ExecutionOrderSort2 (0ms)
			AwakeInstancesAfterBackupRestoration (0ms)
Platform modules already initialized, skipping
Registering precompiled user dll's ...
Registered in 0.021912 seconds.
Begin MonoManager ReloadAssembly
Native extension for WindowsStandalone target not found
Refreshing native plugins compatible for Editor in 73.95 ms, found 14 plugins.
Preloading 0 native plugins for Editor in 0.00 ms.
Mono: successfully reloaded assembly
- Completed reload, in  2.023 seconds
Domain Reload Profiling:
	ReloadAssembly (2024ms)
		BeginReloadAssembly (141ms)
			ExecutionOrderSort (0ms)
			DisableScriptedObjects (5ms)
			BackupInstance (0ms)
			ReleaseScriptingObjects (0ms)
			CreateAndSetChildDomain (20ms)
		EndReloadAssembly (1822ms)
			LoadAssemblies (163ms)
			RebuildTransferFunctionScriptingTraits (0ms)
			SetupTypeCache (363ms)
			ReleaseScriptCaches (1ms)
			RebuildScriptCaches (73ms)
			SetupLoadedEditorAssemblies (1021ms)
				LogAssemblyErrors (0ms)
				InitializePlatformSupportModulesInManaged (3ms)
				SetLoadedEditorAssemblies (0ms)
				RefreshPlugins (74ms)
				BeforeProcessingInitializeOnLoad (177ms)
				ProcessInitializeOnLoadAttributes (725ms)
				ProcessInitializeOnLoadMethodAttributes (38ms)
				AfterProcessingInitializeOnLoad (2ms)
				EditorAssembliesLoaded (0ms)
			ExecutionOrderSort2 (0ms)
			AwakeInstancesAfterBackupRestoration (12ms)
Platform modules already initialized, skipping
========================================================================
Worker process is ready to serve import requests
Launched and connected shader compiler UnityShaderCompiler.exe after 0.05 seconds
Refreshing native plugins compatible for Editor in 2.56 ms, found 14 plugins.
Preloading 0 native plugins for Editor in 0.00 ms.
Unloading 3483 Unused Serialized files (Serialized files now loaded: 0)
System memory in use before: 156.2 MB.
System memory in use after: 156.4 MB.

Unloading 112 unused Assets to reduce memory usage. Loaded Objects now: 3925.
Total: 60.306400 ms (FindLiveObjects: 1.243000 ms CreateObjectMapping: 3.936100 ms MarkObjects: 54.929200 ms  DeleteObjects: 0.194800 ms)

AssetImportParameters requested are different than current active one (requested -> active):
  custom:framework-win-MediaFoundation: 216162199b28c13a410421893ffa2e32 -> 
  custom:video-decoder-ogg-theora: a1e56fd34408186e4bbccfd4996cb3dc -> 
  custom:container-muxer-webm: aa71ff27fc2769a1b78a27578f13a17b -> 
  custom:container-demuxer-webm: 4f35f7cbe854078d1ac9338744f61a02 -> 
  custom:container-demuxer-ogg: 62fdf1f143b41e24485cea50d1cbac27 -> 
  custom:video-encoder-webm-vp8: eb34c28f22e8b96e1ab97ce403110664 -> 
  custom:video-decoder-webm-vp8: 9c59270c3fd7afecdb556c50c9e8de78 -> 
  custom:audio-decoder-ogg-vorbis: bf7c407c2cedff20999df2af8eb42d56 -> 
  custom:audio-encoder-webm-vorbis: bf7c407c2cedff20999df2af8eb42d56 -> 
========================================================================
Received Import Request.
  path: Assets/Assets.index
  artifactKey: Guid(25a2cb7f5f552ea4b8dd3abdf1909bc7) Importer(815301076,1909f56bfc062723c751e8b465ee728b)
Start importing Assets/Assets.index using Guid(25a2cb7f5f552ea4b8dd3abdf1909bc7) Importer(815301076,1909f56bfc062723c751e8b465ee728b)  -> (artifact id: '1da2b9734ad7f706c7f5bfa76b454e63') in 0.154939 seconds 
  Import took 0.165433 seconds .

========================================================================
Received Import Request.
  Time since last request: 14.777394 seconds.
  path: Assets/Assets.index
  artifactKey: Guid(25a2cb7f5f552ea4b8dd3abdf1909bc7) Importer(815301076,1909f56bfc062723c751e8b465ee728b)
Start importing Assets/Assets.index using Guid(25a2cb7f5f552ea4b8dd3abdf1909bc7) Importer(815301076,1909f56bfc062723c751e8b465ee728b)  -> (artifact id: '6d1e883a3894e4f4f1ad95f7dfc20d86') in 0.028262 seconds 
  Import took 0.035801 seconds .

========================================================================
Received Import Request.
  Time since last request: 0.058569 seconds.
  path: Assets/Assets.index
  artifactKey: Guid(25a2cb7f5f552ea4b8dd3abdf1909bc7) Importer(815301076,1909f56bfc062723c751e8b465ee728b)
Start importing Assets/Assets.index using Guid(25a2cb7f5f552ea4b8dd3abdf1909bc7) Importer(815301076,1909f56bfc062723c751e8b465ee728b)  -> (artifact id: '6ec9572490b2863eacffad324b6090a6') in 0.013615 seconds 
  Import took 0.020524 seconds .

========================================================================
Received Import Request.
  Time since last request: 0.002890 seconds.
  path: Assets/Assets.index
  artifactKey: Guid(25a2cb7f5f552ea4b8dd3abdf1909bc7) Importer(815301076,1909f56bfc062723c751e8b465ee728b)
Start importing Assets/Assets.index using Guid(25a2cb7f5f552ea4b8dd3abdf1909bc7) Importer(815301076,1909f56bfc062723c751e8b465ee728b)  -> (artifact id: '6ec9572490b2863eacffad324b6090a6') in 0.008017 seconds 
  Import took 0.124252 seconds .

========================================================================
Received Import Request.
  Time since last request: 0.665350 seconds.
  path: Assets/GameAnalytics
  artifactKey: Guid(1857a5c95790a4603b443911d9111458) Importer(815301076,1909f56bfc062723c751e8b465ee728b)
Start importing Assets/GameAnalytics using Guid(1857a5c95790a4603b443911d9111458) Importer(815301076,1909f56bfc062723c751e8b465ee728b)  -> (artifact id: '2a201b79a6b80ae87cb4b1d4bb7595ea') in 0.002187 seconds 
  Import took 0.008335 seconds .

========================================================================
Received Import Request.
  Time since last request: 0.016348 seconds.
  path: Assets/GameAnalytics
  artifactKey: Guid(1857a5c95790a4603b443911d9111458) Importer(815301076,1909f56bfc062723c751e8b465ee728b)
Start importing Assets/GameAnalytics using Guid(1857a5c95790a4603b443911d9111458) Importer(815301076,1909f56bfc062723c751e8b465ee728b)  -> (artifact id: '2a201b79a6b80ae87cb4b1d4bb7595ea') in 0.002102 seconds 
  Import took 0.009537 seconds .

========================================================================
Received Import Request.
  Time since last request: 0.688551 seconds.
  path: Assets/FacebookSDK
  artifactKey: Guid(7dfc384ef9f5da447bb809b28481e87a) Importer(815301076,1909f56bfc062723c751e8b465ee728b)
Start importing Assets/FacebookSDK using Guid(7dfc384ef9f5da447bb809b28481e87a) Importer(815301076,1909f56bfc062723c751e8b465ee728b)  -> (artifact id: 'f8e5ff4f8bc17655faab7c9b3416f187') in 0.002338 seconds 
  Import took 0.009027 seconds .

========================================================================
Received Import Request.
  Time since last request: 1.290608 seconds.
  path: Assets/FacebookSDK/Plugins
  artifactKey: Guid(c2ebbe1288c90a3429bb93e12348b4e8) Importer(815301076,1909f56bfc062723c751e8b465ee728b)
Start importing Assets/FacebookSDK/Plugins using Guid(c2ebbe1288c90a3429bb93e12348b4e8) Importer(815301076,1909f56bfc062723c751e8b465ee728b)  -> (artifact id: 'edbf0eb0e2781cddd18047932b6d132d') in 0.002751 seconds 
  Import took 0.040553 seconds .

========================================================================
Received Import Request.
  Time since last request: 0.959577 seconds.
  path: Assets/FacebookSDK/Plugins/Windows
  artifactKey: Guid(e6ff3e8787acdc3449bfae0118073847) Importer(815301076,1909f56bfc062723c751e8b465ee728b)
Start importing Assets/FacebookSDK/Plugins/Windows using Guid(e6ff3e8787acdc3449bfae0118073847) Importer(815301076,1909f56bfc062723c751e8b465ee728b)  -> (artifact id: '59c2a748171142e34a6371c9ebab6a23') in 0.003154 seconds 
  Import took 0.034050 seconds .

========================================================================
Received Import Request.
  Time since last request: 0.001257 seconds.
  path: Assets/FacebookSDK/Plugins/Windows
  artifactKey: Guid(e6ff3e8787acdc3449bfae0118073847) Importer(815301076,1909f56bfc062723c751e8b465ee728b)
Start importing Assets/FacebookSDK/Plugins/Windows using Guid(e6ff3e8787acdc3449bfae0118073847) Importer(815301076,1909f56bfc062723c751e8b465ee728b)  -> (artifact id: '59c2a748171142e34a6371c9ebab6a23') in 0.002077 seconds 
  Import took 0.009680 seconds .

========================================================================
Received Prepare
Registering precompiled user dll's ...
Registered in 0.012153 seconds.
Begin MonoManager ReloadAssembly
Native extension for WindowsStandalone target not found
Refreshing native plugins compatible for Editor in 1.14 ms, found 5 plugins.
Preloading 0 native plugins for Editor in 0.00 ms.
Mono: successfully reloaded assembly
- Completed reload, in  1.812 seconds
Domain Reload Profiling:
	ReloadAssembly (1812ms)
		BeginReloadAssembly (163ms)
			ExecutionOrderSort (0ms)
			DisableScriptedObjects (7ms)
			BackupInstance (0ms)
			ReleaseScriptingObjects (0ms)
			CreateAndSetChildDomain (64ms)
		EndReloadAssembly (1586ms)
			LoadAssemblies (123ms)
			RebuildTransferFunctionScriptingTraits (0ms)
			SetupTypeCache (373ms)
			ReleaseScriptCaches (1ms)
			RebuildScriptCaches (57ms)
			SetupLoadedEditorAssemblies (919ms)
				LogAssemblyErrors (0ms)
				InitializePlatformSupportModulesInManaged (4ms)
				SetLoadedEditorAssemblies (0ms)
				RefreshPlugins (1ms)
				BeforeProcessingInitializeOnLoad (151ms)
				ProcessInitializeOnLoadAttributes (741ms)
				ProcessInitializeOnLoadMethodAttributes (18ms)
				AfterProcessingInitializeOnLoad (2ms)
				EditorAssembliesLoaded (0ms)
			ExecutionOrderSort2 (0ms)
			AwakeInstancesAfterBackupRestoration (13ms)
Platform modules already initialized, skipping
Refreshing native plugins compatible for Editor in 1.20 ms, found 5 plugins.
Preloading 0 native plugins for Editor in 0.00 ms.
Unloading 3298 Unused Serialized files (Serialized files now loaded: 0)
System memory in use before: 143.3 MB.
System memory in use after: 143.5 MB.

Unloading 83 unused Assets to reduce memory usage. Loaded Objects now: 3927.
Total: 24.872000 ms (FindLiveObjects: 0.357900 ms CreateObjectMapping: 0.201700 ms MarkObjects: 24.266600 ms  DeleteObjects: 0.044800 ms)

AssetImportParameters requested are different than current active one (requested -> active):
  custom:framework-win-MediaFoundation: 216162199b28c13a410421893ffa2e32 -> 
  custom:video-decoder-ogg-theora: a1e56fd34408186e4bbccfd4996cb3dc -> 
  custom:container-muxer-webm: aa71ff27fc2769a1b78a27578f13a17b -> 
  custom:container-demuxer-webm: 4f35f7cbe854078d1ac9338744f61a02 -> 
  custom:container-demuxer-ogg: 62fdf1f143b41e24485cea50d1cbac27 -> 
  custom:video-encoder-webm-vp8: eb34c28f22e8b96e1ab97ce403110664 -> 
  custom:video-decoder-webm-vp8: 9c59270c3fd7afecdb556c50c9e8de78 -> 
  custom:audio-decoder-ogg-vorbis: bf7c407c2cedff20999df2af8eb42d56 -> 
  custom:audio-encoder-webm-vorbis: bf7c407c2cedff20999df2af8eb42d56 -> 
========================================================================
Received Import Request.
  Time since last request: 36.714822 seconds.
  path: Assets
  artifactKey: Guid(00000000000000001000000000000000) Importer(815301076,1909f56bfc062723c751e8b465ee728b)
Start importing Assets using Guid(00000000000000001000000000000000) Importer(815301076,1909f56bfc062723c751e8b465ee728b)  -> (artifact id: '42d402b061de3733987d63b9cc3b64de') in 0.005729 seconds 
  Import took 0.011207 seconds .

========================================================================
Received Import Request.
  Time since last request: 0.007014 seconds.
  path: Assets
  artifactKey: Guid(00000000000000001000000000000000) Importer(815301076,1909f56bfc062723c751e8b465ee728b)
Start importing Assets using Guid(00000000000000001000000000000000) Importer(815301076,1909f56bfc062723c751e8b465ee728b)  -> (artifact id: '42d402b061de3733987d63b9cc3b64de') in 0.001869 seconds 
  Import took 0.007450 seconds .

